[debug] [2018-09-26T07:34:26.749Z] ----------------------------------------------------------------------
[debug] [2018-09-26T07:34:26.751Z] Command:       /usr/local/bin/node /usr/local/bin/firebase deploy
[debug] [2018-09-26T07:34:26.751Z] CLI Version:   3.18.5
[debug] [2018-09-26T07:34:26.751Z] Platform:      darwin
[debug] [2018-09-26T07:34:26.751Z] Node Version:  v10.10.0
[debug] [2018-09-26T07:34:26.752Z] Time:          Wed Sep 26 2018 03:34:26 GMT-0400 (Eastern Daylight Time)
[debug] [2018-09-26T07:34:26.752Z] ----------------------------------------------------------------------
[debug] 
[debug] [2018-09-26T07:34:26.762Z] > command requires scopes: ["email","openid","https://www.googleapis.com/auth/cloudplatformprojects.readonly","https://www.googleapis.com/auth/firebase","https://www.googleapis.com/auth/cloud-platform"]
[debug] [2018-09-26T07:34:26.762Z] > authorizing via signed-in user
[debug] [2018-09-26T07:34:26.764Z] >>> HTTP REQUEST GET https://admin.firebase.com/v1/projects/luna-bf21c  
  
 Wed Sep 26 2018 03:34:26 GMT-0400 (Eastern Daylight Time)
[debug] [2018-09-26T07:34:27.171Z] <<< HTTP RESPONSE 200
[debug] [2018-09-26T07:34:27.172Z] >>> HTTP REQUEST GET https://admin.firebase.com/v1/database/luna-bf21c/tokens  
  
 Wed Sep 26 2018 03:34:27 GMT-0400 (Eastern Daylight Time)
[debug] [2018-09-26T07:34:27.400Z] <<< HTTP RESPONSE 200
[warn] ⚠  functions: package.json indicates an outdated version of firebase-functions.
 Please upgrade using npm install --save firebase-functions@latest in your functions directory.
[info] 
[info] === Deploying to 'luna-bf21c'...
[info] 
[info] i  deploying database, storage, firestore, functions, hosting
[info] Running command: npm --prefix "$RESOURCE_DIR" run lint
[info] ✔  functions: Finished running predeploy script.
[info] i  database: checking rules syntax...
[debug] [2018-09-26T07:34:30.596Z] >>> HTTP REQUEST PUT https://luna-bf21c.firebaseio.com/.settings/rules.json?dryRun=true  
 {
  "rules": {
    ".read": "auth != null",
    ".write": "auth != null"
  }
}
 
 Wed Sep 26 2018 03:34:30 GMT-0400 (Eastern Daylight Time)
[debug] [2018-09-26T07:34:32.930Z] <<< HTTP RESPONSE 200
[info] ✔  database: rules syntax for database luna-bf21c is valid
[debug] [2018-09-26T07:34:32.931Z] >>> HTTP REQUEST GET https://appengine.googleapis.com/v1/apps/luna-bf21c  
  
 Wed Sep 26 2018 03:34:32 GMT-0400 (Eastern Daylight Time)
[debug] [2018-09-26T07:34:33.327Z] <<< HTTP RESPONSE 200
[info] i  storage: checking storage.rules for compilation errors...
[debug] [2018-09-26T07:34:33.330Z] >>> HTTP REQUEST POST https://firebaserules.googleapis.com/v1/projects/luna-bf21c:test  
 { source: { files: [ [Object] ] } } 
 Wed Sep 26 2018 03:34:33 GMT-0400 (Eastern Daylight Time)
[debug] [2018-09-26T07:34:33.571Z] <<< HTTP RESPONSE 200
[info] ✔  storage: rules file storage.rules compiled successfully
[info] i  firestore: checking firestore.rules for compilation errors...
[debug] [2018-09-26T07:34:33.574Z] >>> HTTP REQUEST POST https://firebaserules.googleapis.com/v1/projects/luna-bf21c:test  
 { source: { files: [ [Object] ] } } 
 Wed Sep 26 2018 03:34:33 GMT-0400 (Eastern Daylight Time)
[debug] [2018-09-26T07:34:33.741Z] <<< HTTP RESPONSE 200
[info] ✔  firestore: rules file firestore.rules compiled successfully
[debug] [2018-09-26T07:34:33.742Z] > [functions] package.json contents: {
  "name": "functions",
  "description": "Cloud Functions for Firebase",
  "scripts": {
    "lint": "eslint .",
    "serve": "firebase serve --only functions",
    "shell": "firebase functions:shell",
    "start": "npm run shell",
    "deploy": "firebase deploy --only functions",
    "logs": "firebase functions:log"
  },
  "dependencies": {
    "firebase-admin": "~5.12.1",
    "firebase-functions": "^1.0.3"
  },
  "devDependencies": {
    "eslint": "^4.12.0",
    "eslint-plugin-promise": "^3.6.0"
  },
  "private": true
}
[info] i  functions: ensuring necessary APIs are enabled...
[debug] [2018-09-26T07:34:33.743Z] >>> HTTP REQUEST GET https://servicemanagement.googleapis.com/v1/services/cloudfunctions.googleapis.com/projectSettings/luna-bf21c?view=CONSUMER_VIEW  
  
 Wed Sep 26 2018 03:34:33 GMT-0400 (Eastern Daylight Time)
[debug] [2018-09-26T07:34:33.743Z] >>> HTTP REQUEST GET https://servicemanagement.googleapis.com/v1/services/runtimeconfig.googleapis.com/projectSettings/luna-bf21c?view=CONSUMER_VIEW  
  
 Wed Sep 26 2018 03:34:33 GMT-0400 (Eastern Daylight Time)
[debug] [2018-09-26T07:34:34.776Z] <<< HTTP RESPONSE 200
[debug] [2018-09-26T07:34:34.835Z] <<< HTTP RESPONSE 200
[info] ✔  functions: all necessary APIs are enabled
[debug] [2018-09-26T07:34:34.836Z] >>> HTTP REQUEST GET https://cloudresourcemanager.googleapis.com/v1/projects/luna-bf21c  
  
 Wed Sep 26 2018 03:34:34 GMT-0400 (Eastern Daylight Time)
[debug] [2018-09-26T07:34:35.153Z] <<< HTTP RESPONSE 200
[debug] [2018-09-26T07:34:35.153Z] >>> HTTP REQUEST GET https://mobilesdk-pa.googleapis.com/v1/projects/609354037215:getServerAppConfig  
  
 Wed Sep 26 2018 03:34:35 GMT-0400 (Eastern Daylight Time)
[debug] [2018-09-26T07:34:35.374Z] <<< HTTP RESPONSE 200
[info] i  storage: uploading rules storage.rules...
[debug] [2018-09-26T07:34:35.377Z] >>> HTTP REQUEST POST https://firebaserules.googleapis.com/v1/projects/luna-bf21c/rulesets  
 { source: { files: [ [Object] ] } } 
 Wed Sep 26 2018 03:34:35 GMT-0400 (Eastern Daylight Time)
[debug] [2018-09-26T07:34:35.680Z] <<< HTTP RESPONSE 200
[debug] [2018-09-26T07:34:35.680Z] [rules] created ruleset projects/luna-bf21c/rulesets/037d4d7f-151b-4226-8a73-d765de5beff8
[info] i  firestore: uploading rules firestore.rules...
[debug] [2018-09-26T07:34:35.681Z] >>> HTTP REQUEST POST https://firebaserules.googleapis.com/v1/projects/luna-bf21c/rulesets  
 { source: { files: [ [Object] ] } } 
 Wed Sep 26 2018 03:34:35 GMT-0400 (Eastern Daylight Time)
[debug] [2018-09-26T07:34:35.682Z] >>> HTTP REQUEST GET https://firestore.googleapis.com/v1beta1/projects/luna-bf21c/databases/(default)/indexes  
  
 Wed Sep 26 2018 03:34:35 GMT-0400 (Eastern Daylight Time)
[debug] [2018-09-26T07:34:35.887Z] <<< HTTP RESPONSE 200
[debug] [2018-09-26T07:34:35.887Z] [rules] created ruleset projects/luna-bf21c/rulesets/6c4626ba-0d57-4465-b5f5-e08bc5a2e5b1
[debug] [2018-09-26T07:34:36.071Z] <<< HTTP RESPONSE 200
[info] i  functions: preparing functions directory for uploading...
[debug] [2018-09-26T07:34:36.072Z] >>> HTTP REQUEST GET https://runtimeconfig.googleapis.com/v1beta1/projects/luna-bf21c/configs  
  
 Wed Sep 26 2018 03:34:36 GMT-0400 (Eastern Daylight Time)
[debug] [2018-09-26T07:34:36.336Z] <<< HTTP RESPONSE 200
[info] i  hosting: preparing public directory for upload...
